0 info it worked if it ends with ok
1 verbose cli [ '/home/ubuntu/.nvm/v0.10.35/bin/node',
1 verbose cli   '/home/ubuntu/.nvm/v0.10.35/bin/npm',
1 verbose cli   'install',
1 verbose cli   'nodemodules' ]
2 info using npm@1.4.28
3 info using node@v0.10.35
4 warn package.json chat-example@0.0.0 No repository field.
5 verbose readDependencies using package.json deps
6 verbose cache add [ 'nodemodules', null ]
7 verbose cache add name=undefined spec="nodemodules" args=["nodemodules",null]
8 verbose parsed url { protocol: null,
8 verbose parsed url   slashes: null,
8 verbose parsed url   auth: null,
8 verbose parsed url   host: null,
8 verbose parsed url   port: null,
8 verbose parsed url   hostname: null,
8 verbose parsed url   hash: null,
8 verbose parsed url   search: null,
8 verbose parsed url   query: null,
8 verbose parsed url   pathname: 'nodemodules',
8 verbose parsed url   path: 'nodemodules',
8 verbose parsed url   href: 'nodemodules' }
9 silly lockFile d28d3ac9-nodemodules nodemodules
10 verbose lock nodemodules /home/ubuntu/.npm/d28d3ac9-nodemodules.lock
11 silly lockFile d28d3ac9-nodemodules nodemodules
12 silly lockFile d28d3ac9-nodemodules nodemodules
13 verbose addNamed [ 'nodemodules', '' ]
14 verbose addNamed [ null, '*' ]
15 silly lockFile ddf8ed21-nodemodules nodemodules@
16 verbose lock nodemodules@ /home/ubuntu/.npm/ddf8ed21-nodemodules.lock
17 silly addNameRange { name: 'nodemodules', range: '*', hasData: false }
18 verbose request where is /nodemodules
19 verbose request registry https://registry.npmjs.org/
20 verbose request id 53906a9b113f51f8
21 verbose url raw /nodemodules
22 verbose url resolving [ 'https://registry.npmjs.org/', './nodemodules' ]
23 verbose url resolved https://registry.npmjs.org/nodemodules
24 verbose request where is https://registry.npmjs.org/nodemodules
25 info trying registry request attempt 1 at 12:48:41
26 http GET https://registry.npmjs.org/nodemodules
27 http 404 https://registry.npmjs.org/nodemodules
28 silly registry.get cb [ 404,
28 silly registry.get   { 'content-type': 'application/json',
28 silly registry.get     'cache-control': 'max-age=0',
28 silly registry.get     'content-length': '2',
28 silly registry.get     'accept-ranges': 'bytes',
28 silly registry.get     date: 'Thu, 12 Nov 2015 12:48:41 GMT',
28 silly registry.get     via: '1.1 varnish',
28 silly registry.get     age: '0',
28 silly registry.get     connection: 'keep-alive',
28 silly registry.get     'x-served-by': 'cache-fra1245-FRA',
28 silly registry.get     'x-cache': 'MISS',
28 silly registry.get     'x-cache-hits': '0',
28 silly registry.get     'x-timer': 'S1447332521.074166,VS0,VE181' } ]
29 silly lockFile ddf8ed21-nodemodules nodemodules@
30 silly lockFile ddf8ed21-nodemodules nodemodules@
31 error 404 Not Found
31 error 404
31 error 404 'nodemodules' is not in the npm registry.
31 error 404 You should bug the author to publish it
31 error 404 It was specified as a dependency of 'chat-example'
31 error 404
31 error 404 Note that you can also install from a
31 error 404 tarball, folder, or http url, or git url.
32 error System Linux 4.2.0-c9
33 error command "/home/ubuntu/.nvm/v0.10.35/bin/node" "/home/ubuntu/.nvm/v0.10.35/bin/npm" "install" "nodemodules"
34 error cwd /home/ubuntu/workspace/quizSTW
35 error node -v v0.10.35
36 error npm -v 1.4.28
37 error code E404
38 verbose exit [ 1, true ]
